<?xml version="1.0" encoding="UTF-8"?>
<!-- Generated by org.testng.reporters.JUnitXMLReporter -->
<testsuite hostname="Madinas-Air" name="Default test" tests="3" failures="0" timestamp="5 May 2016 05:22:17 GMT" time="14.285" errors="0">
  <testcase name="testCheckInOut" time="3.949" classname="com.sqa.ms.adactin.TC102"/>
  <testcase name="testCheckInOut" time="2.831" classname="com.sqa.ms.adactin.TC102"/>
  <testcase name="testCheckInOut" time="2.098" classname="com.sqa.ms.adactin.TC102"/>
</testsuite> <!-- Default test -->
