<?xml version="1.0" encoding="UTF-8"?>
<!-- Generated by org.testng.reporters.JUnitXMLReporter -->
<testsuite hostname="Madinas-Air" name="Default test" tests="3" failures="0" timestamp="30 Apr 2016 20:56:19 GMT" time="10.787" errors="0">
  <testcase name="testLogin" time="3.406" classname="com.sqa.ms.adactin"/>
  <testcase name="testLoginToBase2" time="2.21" classname="com.sqa.ms.adactin"/>
  <testcase name="tc102" time="0.393" classname="com.sqa.ms.adactin"/>
</testsuite> <!-- Default test -->
