<?xml version="1.0" encoding="UTF-8"?>
<testng-results skipped="0" failed="0" total="3" passed="3">
  <reporter-output>
  </reporter-output>
  <suite name="Default suite" duration-ms="7106" started-at="2016-05-01T00:41:24Z" finished-at="2016-05-01T00:41:31Z">
    <groups>
    </groups>
    <test name="Default test" duration-ms="7106" started-at="2016-05-01T00:41:24Z" finished-at="2016-05-01T00:41:31Z">
      <class name="com.sqa.ms.BasicAutoTest">
        <test-method status="PASS" signature="setupFirefox()[pri:0, instance:com.sqa.ms.BasicAutoTest@c299bbd]" name="setupFirefox" is-config="true" duration-ms="5717" started-at="2016-04-30T17:41:24Z" finished-at="2016-04-30T17:41:30Z">
          <reporter-output>
          </reporter-output>
        </test-method> <!-- setupFirefox -->
        <test-method status="PASS" signature="test(java.lang.String, java.lang.String)[pri:0, instance:com.sqa.ms.BasicAutoTest@c299bbd]" name="test" duration-ms="524" started-at="2016-04-30T17:41:30Z" data-provider="UserAccountInfo" finished-at="2016-04-30T17:41:31Z">
          <params>
            <param index="0">
              <value>
                <![CDATA[madinaseven123@gmail.com]]>
              </value>
            </param>
            <param index="1">
              <value>
                <![CDATA[madina261184]]>
              </value>
            </param>
          </params>
          <reporter-output>
          </reporter-output>
        </test-method> <!-- test -->
        <test-method status="PASS" signature="test(java.lang.String, java.lang.String)[pri:0, instance:com.sqa.ms.BasicAutoTest@c299bbd]" name="test" duration-ms="413" started-at="2016-04-30T17:41:31Z" data-provider="UserAccountInfo" finished-at="2016-04-30T17:41:31Z">
          <params>
            <param index="0">
              <value>
                <![CDATA[madinaseven1234@gmail.com]]>
              </value>
            </param>
            <param index="1">
              <value>
                <![CDATA[madina261184]]>
              </value>
            </param>
          </params>
          <reporter-output>
          </reporter-output>
        </test-method> <!-- test -->
        <test-method status="PASS" signature="test(java.lang.String, java.lang.String)[pri:0, instance:com.sqa.ms.BasicAutoTest@c299bbd]" name="test" duration-ms="420" started-at="2016-04-30T17:41:31Z" data-provider="UserAccountInfo" finished-at="2016-04-30T17:41:31Z">
          <params>
            <param index="0">
              <value>
                <![CDATA[madinaseven1234@gmail.com]]>
              </value>
            </param>
            <param index="1">
              <value>
                <![CDATA[madina261184]]>
              </value>
            </param>
          </params>
          <reporter-output>
          </reporter-output>
        </test-method> <!-- test -->
      </class> <!-- com.sqa.ms.BasicAutoTest -->
    </test> <!-- Default test -->
  </suite> <!-- Default suite -->
</testng-results>
